2024-01-05 12:55:26,136 [myid:] - INFO  [main:o.a.z.s.q.QuorumPeerConfig@177] - Reading configuration from: /home/paul/Projekt_Big_Data/Projekt/apache-zookeeper-3.8.3-bin/bin/../conf/zoo.cfg
2024-01-05 12:55:26,145 [myid:] - INFO  [main:o.a.z.s.q.QuorumPeerConfig@440] - clientPortAddress is 0.0.0.0:2181
2024-01-05 12:55:26,147 [myid:] - INFO  [main:o.a.z.s.q.QuorumPeerConfig@444] - secureClientPort is not set
2024-01-05 12:55:26,147 [myid:] - INFO  [main:o.a.z.s.q.QuorumPeerConfig@460] - observerMasterPort is not set
2024-01-05 12:55:26,148 [myid:] - INFO  [main:o.a.z.s.q.QuorumPeerConfig@477] - metricsProvider.className is org.apache.zookeeper.metrics.impl.DefaultMetricsProvider
2024-01-05 12:55:26,153 [myid:] - INFO  [main:o.a.z.s.DatadirCleanupManager@78] - autopurge.snapRetainCount set to 3
2024-01-05 12:55:26,153 [myid:] - INFO  [main:o.a.z.s.DatadirCleanupManager@79] - autopurge.purgeInterval set to 0
2024-01-05 12:55:26,153 [myid:] - INFO  [main:o.a.z.s.DatadirCleanupManager@101] - Purge task is not scheduled.
2024-01-05 12:55:26,153 [myid:] - WARN  [main:o.a.z.s.q.QuorumPeerMain@139] - Either no config or no quorum defined in config, running in standalone mode
2024-01-05 12:55:26,156 [myid:] - INFO  [main:o.a.z.j.ManagedUtil@46] - Log4j 1.2 jmx support not found; jmx disabled.
2024-01-05 12:55:26,158 [myid:] - INFO  [main:o.a.z.s.q.QuorumPeerConfig@177] - Reading configuration from: /home/paul/Projekt_Big_Data/Projekt/apache-zookeeper-3.8.3-bin/bin/../conf/zoo.cfg
2024-01-05 12:55:26,159 [myid:] - INFO  [main:o.a.z.s.q.QuorumPeerConfig@440] - clientPortAddress is 0.0.0.0:2181
2024-01-05 12:55:26,159 [myid:] - INFO  [main:o.a.z.s.q.QuorumPeerConfig@444] - secureClientPort is not set
2024-01-05 12:55:26,160 [myid:] - INFO  [main:o.a.z.s.q.QuorumPeerConfig@460] - observerMasterPort is not set
2024-01-05 12:55:26,160 [myid:] - INFO  [main:o.a.z.s.q.QuorumPeerConfig@477] - metricsProvider.className is org.apache.zookeeper.metrics.impl.DefaultMetricsProvider
2024-01-05 12:55:26,160 [myid:] - INFO  [main:o.a.z.s.ZooKeeperServerMain@123] - Starting server
2024-01-05 12:55:26,188 [myid:] - INFO  [main:o.a.z.s.ServerMetrics@64] - ServerMetrics initialized with provider org.apache.zookeeper.metrics.impl.DefaultMetricsProvider@a1153bc
2024-01-05 12:55:26,194 [myid:] - INFO  [main:o.a.z.s.a.DigestAuthenticationProvider@47] - ACL digest algorithm is: SHA1
2024-01-05 12:55:26,194 [myid:] - INFO  [main:o.a.z.s.a.DigestAuthenticationProvider@61] - zookeeper.DigestAuthenticationProvider.enabled = true
2024-01-05 12:55:26,199 [myid:] - INFO  [main:o.a.z.s.p.FileTxnSnapLog@124] - zookeeper.snapshot.trust.empty : false
2024-01-05 12:55:26,224 [myid:] - INFO  [main:o.a.z.ZookeeperBanner@42] - 
2024-01-05 12:55:26,225 [myid:] - INFO  [main:o.a.z.ZookeeperBanner@42] -   ______                  _                                          
2024-01-05 12:55:26,225 [myid:] - INFO  [main:o.a.z.ZookeeperBanner@42] -  |___  /                 | |                                         
2024-01-05 12:55:26,225 [myid:] - INFO  [main:o.a.z.ZookeeperBanner@42] -     / /    ___     ___   | | __   ___    ___   _ __     ___   _ __   
2024-01-05 12:55:26,225 [myid:] - INFO  [main:o.a.z.ZookeeperBanner@42] -    / /    / _ \   / _ \  | |/ /  / _ \  / _ \ | '_ \   / _ \ | '__|
2024-01-05 12:55:26,225 [myid:] - INFO  [main:o.a.z.ZookeeperBanner@42] -   / /__  | (_) | | (_) | |   <  |  __/ |  __/ | |_) | |  __/ | |    
2024-01-05 12:55:26,225 [myid:] - INFO  [main:o.a.z.ZookeeperBanner@42] -  /_____|  \___/   \___/  |_|\_\  \___|  \___| | .__/   \___| |_|
2024-01-05 12:55:26,226 [myid:] - INFO  [main:o.a.z.ZookeeperBanner@42] -                                               | |                     
2024-01-05 12:55:26,226 [myid:] - INFO  [main:o.a.z.ZookeeperBanner@42] -                                               |_|                     
2024-01-05 12:55:26,226 [myid:] - INFO  [main:o.a.z.ZookeeperBanner@42] - 
2024-01-05 12:55:26,230 [myid:] - INFO  [main:o.a.z.Environment@98] - Server environment:zookeeper.version=3.8.3-6ad6d364c7c0bcf0de452d54ebefa3058098ab56, built on 2023-10-05 10:34 UTC
2024-01-05 12:55:26,230 [myid:] - INFO  [main:o.a.z.Environment@98] - Server environment:host.name=LAPTOP-B2UDU0LJ.localdomain
2024-01-05 12:55:26,230 [myid:] - INFO  [main:o.a.z.Environment@98] - Server environment:java.version=11.0.21
2024-01-05 12:55:26,230 [myid:] - INFO  [main:o.a.z.Environment@98] - Server environment:java.vendor=Ubuntu
2024-01-05 12:55:26,230 [myid:] - INFO  [main:o.a.z.Environment@98] - Server environment:java.home=/usr/lib/jvm/java-11-openjdk-amd64
2024-01-05 12:55:26,231 [myid:] - INFO  [main:o.a.z.Environment@98] - Server environment:java.class.path=/home/paul/Projekt_Big_Data/Projekt/apache-zookeeper-3.8.3-bin/bin/../zookeeper-server/target/classes:/home/paul/Projekt_Big_Data/Projekt/apache-zookeeper-3.8.3-bin/bin/../build/classes:/home/paul/Projekt_Big_Data/Projekt/apache-zookeeper-3.8.3-bin/bin/../zookeeper-server/target/lib/*.jar:/home/paul/Projekt_Big_Data/Projekt/apache-zookeeper-3.8.3-bin/bin/../build/lib/*.jar:/home/paul/Projekt_Big_Data/Projekt/apache-zookeeper-3.8.3-bin/bin/../lib/zookeeper-prometheus-metrics-3.8.3.jar:/home/paul/Projekt_Big_Data/Projekt/apache-zookeeper-3.8.3-bin/bin/../lib/zookeeper-jute-3.8.3.jar:/home/paul/Projekt_Big_Data/Projekt/apache-zookeeper-3.8.3-bin/bin/../lib/zookeeper-3.8.3.jar:/home/paul/Projekt_Big_Data/Projekt/apache-zookeeper-3.8.3-bin/bin/../lib/snappy-java-1.1.10.5.jar:/home/paul/Projekt_Big_Data/Projekt/apache-zookeeper-3.8.3-bin/bin/../lib/slf4j-api-1.7.30.jar:/home/paul/Projekt_Big_Data/Projekt/apache-zookeeper-3.8.3-bin/bin/../lib/simpleclient_servlet-0.9.0.jar:/home/paul/Projekt_Big_Data/Projekt/apache-zookeeper-3.8.3-bin/bin/../lib/simpleclient_hotspot-0.9.0.jar:/home/paul/Projekt_Big_Data/Projekt/apache-zookeeper-3.8.3-bin/bin/../lib/simpleclient_common-0.9.0.jar:/home/paul/Projekt_Big_Data/Projekt/apache-zookeeper-3.8.3-bin/bin/../lib/simpleclient-0.9.0.jar:/home/paul/Projekt_Big_Data/Projekt/apache-zookeeper-3.8.3-bin/bin/../lib/netty-transport-native-unix-common-4.1.94.Final.jar:/home/paul/Projekt_Big_Data/Projekt/apache-zookeeper-3.8.3-bin/bin/../lib/netty-transport-native-epoll-4.1.94.Final.jar:/home/paul/Projekt_Big_Data/Projekt/apache-zookeeper-3.8.3-bin/bin/../lib/netty-transport-classes-epoll-4.1.94.Final.jar:/home/paul/Projekt_Big_Data/Projekt/apache-zookeeper-3.8.3-bin/bin/../lib/netty-transport-4.1.94.Final.jar:/home/paul/Projekt_Big_Data/Projekt/apache-zookeeper-3.8.3-bin/bin/../lib/netty-resolver-4.1.94.Final.jar:/home/paul/Projekt_Big_Data/Projekt/apache-zookeeper-3.8.3-bin/bin/../lib/netty-handler-4.1.94.Final.jar:/home/paul/Projekt_Big_Data/Projekt/apache-zookeeper-3.8.3-bin/bin/../lib/netty-common-4.1.94.Final.jar:/home/paul/Projekt_Big_Data/Projekt/apache-zookeeper-3.8.3-bin/bin/../lib/netty-codec-4.1.94.Final.jar:/home/paul/Projekt_Big_Data/Projekt/apache-zookeeper-3.8.3-bin/bin/../lib/netty-buffer-4.1.94.Final.jar:/home/paul/Projekt_Big_Data/Projekt/apache-zookeeper-3.8.3-bin/bin/../lib/metrics-core-4.1.12.1.jar:/home/paul/Projekt_Big_Data/Projekt/apache-zookeeper-3.8.3-bin/bin/../lib/logback-core-1.2.10.jar:/home/paul/Projekt_Big_Data/Projekt/apache-zookeeper-3.8.3-bin/bin/../lib/logback-classic-1.2.10.jar:/home/paul/Projekt_Big_Data/Projekt/apache-zookeeper-3.8.3-bin/bin/../lib/jline-2.14.6.jar:/home/paul/Projekt_Big_Data/Projekt/apache-zookeeper-3.8.3-bin/bin/../lib/jetty-util-ajax-9.4.52.v20230823.jar:/home/paul/Projekt_Big_Data/Projekt/apache-zookeeper-3.8.3-bin/bin/../lib/jetty-util-9.4.52.v20230823.jar:/home/paul/Projekt_Big_Data/Projekt/apache-zookeeper-3.8.3-bin/bin/../lib/jetty-servlet-9.4.52.v20230823.jar:/home/paul/Projekt_Big_Data/Projekt/apache-zookeeper-3.8.3-bin/bin/../lib/jetty-server-9.4.52.v20230823.jar:/home/paul/Projekt_Big_Data/Projekt/apache-zookeeper-3.8.3-bin/bin/../lib/jetty-security-9.4.52.v20230823.jar:/home/paul/Projekt_Big_Data/Projekt/apache-zookeeper-3.8.3-bin/bin/../lib/jetty-io-9.4.52.v20230823.jar:/home/paul/Projekt_Big_Data/Projekt/apache-zookeeper-3.8.3-bin/bin/../lib/jetty-http-9.4.52.v20230823.jar:/home/paul/Projekt_Big_Data/Projekt/apache-zookeeper-3.8.3-bin/bin/../lib/javax.servlet-api-3.1.0.jar:/home/paul/Projekt_Big_Data/Projekt/apache-zookeeper-3.8.3-bin/bin/../lib/jackson-databind-2.15.2.jar:/home/paul/Projekt_Big_Data/Projekt/apache-zookeeper-3.8.3-bin/bin/../lib/jackson-core-2.15.2.jar:/home/paul/Projekt_Big_Data/Projekt/apache-zookeeper-3.8.3-bin/bin/../lib/jackson-annotations-2.15.2.jar:/home/paul/Projekt_Big_Data/Projekt/apache-zookeeper-3.8.3-bin/bin/../lib/commons-io-2.11.0.jar:/home/paul/Projekt_Big_Data/Projekt/apache-zookeeper-3.8.3-bin/bin/../lib/commons-cli-1.5.0.jar:/home/paul/Projekt_Big_Data/Projekt/apache-zookeeper-3.8.3-bin/bin/../lib/audience-annotations-0.12.0.jar:/home/paul/Projekt_Big_Data/Projekt/apache-zookeeper-3.8.3-bin/bin/../zookeeper-*.jar:/home/paul/Projekt_Big_Data/Projekt/apache-zookeeper-3.8.3-bin/bin/../zookeeper-server/src/main/resources/lib/*.jar:/home/paul/Projekt_Big_Data/Projekt/apache-zookeeper-3.8.3-bin/bin/../conf:
2024-01-05 12:55:26,231 [myid:] - INFO  [main:o.a.z.Environment@98] - Server environment:java.library.path=/usr/java/packages/lib:/usr/lib/x86_64-linux-gnu/jni:/lib/x86_64-linux-gnu:/usr/lib/x86_64-linux-gnu:/usr/lib/jni:/lib:/usr/lib
2024-01-05 12:55:26,231 [myid:] - INFO  [main:o.a.z.Environment@98] - Server environment:java.io.tmpdir=/tmp
2024-01-05 12:55:26,231 [myid:] - INFO  [main:o.a.z.Environment@98] - Server environment:java.compiler=<NA>
2024-01-05 12:55:26,231 [myid:] - INFO  [main:o.a.z.Environment@98] - Server environment:os.name=Linux
2024-01-05 12:55:26,231 [myid:] - INFO  [main:o.a.z.Environment@98] - Server environment:os.arch=amd64
2024-01-05 12:55:26,231 [myid:] - INFO  [main:o.a.z.Environment@98] - Server environment:os.version=5.10.102.1-microsoft-standard-WSL2
2024-01-05 12:55:26,231 [myid:] - INFO  [main:o.a.z.Environment@98] - Server environment:user.name=paul
2024-01-05 12:55:26,232 [myid:] - INFO  [main:o.a.z.Environment@98] - Server environment:user.home=/home/paul
2024-01-05 12:55:26,232 [myid:] - INFO  [main:o.a.z.Environment@98] - Server environment:user.dir=/home/paul/Projekt_Big_Data/Projekt/apache-zookeeper-3.8.3-bin
2024-01-05 12:55:26,232 [myid:] - INFO  [main:o.a.z.Environment@98] - Server environment:os.memory.free=69MB
2024-01-05 12:55:26,232 [myid:] - INFO  [main:o.a.z.Environment@98] - Server environment:os.memory.max=1000MB
2024-01-05 12:55:26,232 [myid:] - INFO  [main:o.a.z.Environment@98] - Server environment:os.memory.total=88MB
2024-01-05 12:55:26,232 [myid:] - INFO  [main:o.a.z.s.ZooKeeperServer@140] - zookeeper.enableEagerACLCheck = false
2024-01-05 12:55:26,233 [myid:] - INFO  [main:o.a.z.s.ZooKeeperServer@153] - zookeeper.digest.enabled = true
2024-01-05 12:55:26,233 [myid:] - INFO  [main:o.a.z.s.ZooKeeperServer@157] - zookeeper.closeSessionTxn.enabled = true
2024-01-05 12:55:26,233 [myid:] - INFO  [main:o.a.z.s.ZooKeeperServer@1510] - zookeeper.flushDelay = 0 ms
2024-01-05 12:55:26,233 [myid:] - INFO  [main:o.a.z.s.ZooKeeperServer@1519] - zookeeper.maxWriteQueuePollTime = 0 ms
2024-01-05 12:55:26,233 [myid:] - INFO  [main:o.a.z.s.ZooKeeperServer@1528] - zookeeper.maxBatchSize=1000
2024-01-05 12:55:26,233 [myid:] - INFO  [main:o.a.z.s.ZooKeeperServer@275] - zookeeper.intBufferStartingSizeBytes = 1024
2024-01-05 12:55:26,235 [myid:] - INFO  [main:o.a.z.s.BlueThrottle@141] - Weighed connection throttling is disabled
2024-01-05 12:55:26,236 [myid:] - INFO  [main:o.a.z.s.ZooKeeperServer@1311] - minSessionTimeout set to 4000 ms
2024-01-05 12:55:26,237 [myid:] - INFO  [main:o.a.z.s.ZooKeeperServer@1320] - maxSessionTimeout set to 40000 ms
2024-01-05 12:55:26,238 [myid:] - INFO  [main:o.a.z.s.ResponseCache@45] - getData response cache size is initialized with value 400.
2024-01-05 12:55:26,238 [myid:] - INFO  [main:o.a.z.s.ResponseCache@45] - getChildren response cache size is initialized with value 400.
2024-01-05 12:55:26,241 [myid:] - INFO  [main:o.a.z.s.u.RequestPathMetricsCollector@109] - zookeeper.pathStats.slotCapacity = 60
2024-01-05 12:55:26,241 [myid:] - INFO  [main:o.a.z.s.u.RequestPathMetricsCollector@110] - zookeeper.pathStats.slotDuration = 15
2024-01-05 12:55:26,241 [myid:] - INFO  [main:o.a.z.s.u.RequestPathMetricsCollector@111] - zookeeper.pathStats.maxDepth = 6
2024-01-05 12:55:26,241 [myid:] - INFO  [main:o.a.z.s.u.RequestPathMetricsCollector@112] - zookeeper.pathStats.initialDelay = 5
2024-01-05 12:55:26,242 [myid:] - INFO  [main:o.a.z.s.u.RequestPathMetricsCollector@113] - zookeeper.pathStats.delay = 5
2024-01-05 12:55:26,242 [myid:] - INFO  [main:o.a.z.s.u.RequestPathMetricsCollector@114] - zookeeper.pathStats.enabled = false
2024-01-05 12:55:26,248 [myid:] - INFO  [main:o.a.z.s.ZooKeeperServer@1547] - The max bytes for all large requests are set to 104857600
2024-01-05 12:55:26,248 [myid:] - INFO  [main:o.a.z.s.ZooKeeperServer@1561] - The large request threshold is set to -1
2024-01-05 12:55:26,249 [myid:] - INFO  [main:o.a.z.s.AuthenticationHelper@66] - zookeeper.enforce.auth.enabled = false
2024-01-05 12:55:26,249 [myid:] - INFO  [main:o.a.z.s.AuthenticationHelper@67] - zookeeper.enforce.auth.schemes = []
2024-01-05 12:55:26,249 [myid:] - INFO  [main:o.a.z.s.ZooKeeperServer@376] - Created server with tickTime 2000 ms minSessionTimeout 4000 ms maxSessionTimeout 40000 ms clientPortListenBacklog -1 datadir /home/paul/Projekt_Big_Data/Projekt/apache-zookeeper-3.8.3-bin/data/version-2 snapdir /home/paul/Projekt_Big_Data/Projekt/apache-zookeeper-3.8.3-bin/data/version-2
2024-01-05 12:55:26,300 [myid:] - INFO  [main:o.e.j.u.l.Log@170] - Logging initialized @1376ms to org.eclipse.jetty.util.log.Slf4jLog
2024-01-05 12:55:26,461 [myid:] - WARN  [main:o.e.j.s.h.ContextHandler@1662] - o.e.j.s.ServletContextHandler@27f981c6{/,null,STOPPED} contextPath ends with /*
2024-01-05 12:55:26,461 [myid:] - WARN  [main:o.e.j.s.h.ContextHandler@1673] - Empty contextPath
2024-01-05 12:55:26,505 [myid:] - INFO  [main:o.e.j.s.Server@375] - jetty-9.4.52.v20230823; built: 2023-08-23T19:29:37.669Z; git: abdcda73818a1a2c705da276edb0bf6581e7997e; jvm 11.0.21+9-post-Ubuntu-0ubuntu122.04
2024-01-05 12:55:26,551 [myid:] - INFO  [main:o.e.j.s.s.DefaultSessionIdManager@334] - DefaultSessionIdManager workerName=node0
2024-01-05 12:55:26,552 [myid:] - INFO  [main:o.e.j.s.s.DefaultSessionIdManager@339] - No SessionScavenger set, using defaults
2024-01-05 12:55:26,554 [myid:] - INFO  [main:o.e.j.s.s.HouseKeeper@132] - node0 Scavenging every 600000ms
2024-01-05 12:55:26,560 [myid:] - WARN  [main:o.e.j.s.ConstraintSecurityHandler@759] - ServletContext@o.e.j.s.ServletContextHandler@27f981c6{/,null,STARTING} has uncovered http methods for path: /*
2024-01-05 12:55:26,577 [myid:] - INFO  [main:o.e.j.s.h.ContextHandler@921] - Started o.e.j.s.ServletContextHandler@27f981c6{/,null,AVAILABLE}
2024-01-05 12:55:26,607 [myid:] - INFO  [main:o.e.j.s.AbstractConnector@333] - Started ServerConnector@33990a0c{HTTP/1.1, (http/1.1)}{0.0.0.0:9876}
2024-01-05 12:55:26,608 [myid:] - INFO  [main:o.e.j.s.Server@415] - Started @1684ms
2024-01-05 12:55:26,609 [myid:] - INFO  [main:o.a.z.s.a.JettyAdminServer@196] - Started AdminServer on address 0.0.0.0, port 9876 and command URL /commands
2024-01-05 12:55:26,620 [myid:] - INFO  [main:o.a.z.s.ServerCnxnFactory@169] - Using org.apache.zookeeper.server.NIOServerCnxnFactory as server connection factory
2024-01-05 12:55:26,623 [myid:] - WARN  [main:o.a.z.s.ServerCnxnFactory@309] - maxCnxns is not configured, using default value 0.
2024-01-05 12:55:26,627 [myid:] - INFO  [main:o.a.z.s.NIOServerCnxnFactory@652] - Configuring NIO connection handler with 10s sessionless connection timeout, 2 selector thread(s), 16 worker threads, and 64 kB direct buffers.
2024-01-05 12:55:26,629 [myid:] - INFO  [main:o.a.z.s.NIOServerCnxnFactory@660] - binding to port 0.0.0.0/0.0.0.0:2181
2024-01-05 12:55:26,656 [myid:] - INFO  [main:o.a.z.s.w.WatchManagerFactory@42] - Using org.apache.zookeeper.server.watch.WatchManager as watch manager
2024-01-05 12:55:26,657 [myid:] - INFO  [main:o.a.z.s.w.WatchManagerFactory@42] - Using org.apache.zookeeper.server.watch.WatchManager as watch manager
2024-01-05 12:55:26,660 [myid:] - INFO  [main:o.a.z.s.ZKDatabase@132] - zookeeper.snapshotSizeFactor = 0.33
2024-01-05 12:55:26,661 [myid:] - INFO  [main:o.a.z.s.ZKDatabase@152] - zookeeper.commitLogCount=500
2024-01-05 12:55:26,670 [myid:] - INFO  [main:o.a.z.s.p.SnapStream@61] - zookeeper.snapshot.compression.method = CHECKED
2024-01-05 12:55:26,673 [myid:] - INFO  [main:o.a.z.s.p.FileSnap@85] - Reading snapshot /home/paul/Projekt_Big_Data/Projekt/apache-zookeeper-3.8.3-bin/data/version-2/snapshot.c0
2024-01-05 12:55:26,686 [myid:] - INFO  [main:o.a.z.s.DataTree@1706] - The digest in the snapshot has digest version of 2, with zxid as 0xc0, and digest value as 311735505040
2024-01-05 12:55:26,720 [myid:] - INFO  [main:o.a.z.a.ZKAuditProvider@42] - ZooKeeper audit is disabled.
2024-01-05 12:55:26,729 [myid:] - INFO  [main:o.a.z.s.p.FileTxnSnapLog@372] - 82 txns loaded in 25 ms
2024-01-05 12:55:26,729 [myid:] - INFO  [main:o.a.z.s.ZKDatabase@289] - Snapshot loaded in 68 ms, highest zxid is 0x112, digest is 348216965929
2024-01-05 12:55:26,731 [myid:] - INFO  [main:o.a.z.s.p.FileTxnSnapLog@479] - Snapshotting: 0x112 to /home/paul/Projekt_Big_Data/Projekt/apache-zookeeper-3.8.3-bin/data/version-2/snapshot.112
2024-01-05 12:55:26,736 [myid:] - INFO  [main:o.a.z.s.ZooKeeperServer@558] - Snapshot taken in 5 ms
2024-01-05 12:55:26,747 [myid:] - INFO  [main:o.a.z.s.RequestThrottler@75] - zookeeper.request_throttler.shutdownTimeout = 10000 ms
2024-01-05 12:55:26,747 [myid:] - INFO  [ProcessThread(sid:0 cport:2181)::o.a.z.s.PrepRequestProcessor@138] - PrepRequestProcessor (sid:0) started, reconfigEnabled=false
2024-01-05 12:55:26,768 [myid:] - INFO  [main:o.a.z.s.ContainerManager@84] - Using checkIntervalMs=60000 maxPerMinute=10000 maxNeverUsedIntervalMs=0
2024-01-05 12:56:24,126 [myid:] - INFO  [SyncThread:0:o.a.z.s.p.FileTxnLog@285] - Creating new log file: log.113
